2021-08-31 12:01:43,844 - BasePage - INFO - 打开谷歌浏览器
2021-08-31 12:01:43,956 - BasePage - INFO - 窗口最大化
2021-08-31 12:01:49,270 - BasePage - INFO - 打开测试系统地址
2021-08-31 12:01:56,081 - BasePage - INFO - 打开谷歌浏览器
2021-08-31 12:01:56,213 - BasePage - INFO - 窗口最大化
2021-08-31 12:02:00,040 - BasePage - INFO - 打开测试系统地址
2021-08-31 12:02:07,210 - BasePage - INFO - 打开谷歌浏览器
2021-08-31 12:02:07,341 - BasePage - INFO - 窗口最大化
2021-08-31 12:02:10,982 - BasePage - INFO - 打开测试系统地址
2021-08-31 12:02:18,570 - BasePage - INFO - 打开谷歌浏览器
2021-08-31 12:02:18,702 - BasePage - INFO - 窗口最大化
2021-08-31 12:02:22,678 - BasePage - INFO - 打开测试系统地址
2021-08-31 12:02:29,966 - BasePage - INFO - 打开谷歌浏览器
2021-08-31 12:02:30,080 - BasePage - INFO - 窗口最大化
2021-08-31 12:02:34,029 - BasePage - INFO - 打开测试系统地址
2021-08-31 12:02:41,247 - BasePage - INFO - 打开谷歌浏览器
2021-08-31 12:02:41,368 - BasePage - INFO - 窗口最大化
2021-08-31 12:02:45,294 - BasePage - INFO - 打开测试系统地址
2021-08-31 12:02:52,520 - BasePage - INFO - 打开谷歌浏览器
2021-08-31 12:02:52,645 - BasePage - INFO - 窗口最大化
2021-08-31 12:02:56,842 - BasePage - INFO - 打开测试系统地址
2021-08-31 12:03:04,126 - BasePage - INFO - 打开谷歌浏览器
2021-08-31 12:03:04,238 - BasePage - INFO - 窗口最大化
2021-08-31 12:03:08,940 - BasePage - INFO - 打开测试系统地址
2021-08-31 12:03:16,069 - BasePage - INFO - 打开谷歌浏览器
2021-08-31 12:03:16,186 - BasePage - INFO - 窗口最大化
2021-08-31 12:03:20,830 - BasePage - INFO - 打开测试系统地址
2021-08-31 12:03:28,035 - BasePage - INFO - 打开谷歌浏览器
2021-08-31 12:03:28,158 - BasePage - INFO - 窗口最大化
2021-08-31 12:03:32,780 - BasePage - INFO - 打开测试系统地址
2021-08-31 12:03:39,736 - BasePage - INFO - 打开谷歌浏览器
2021-08-31 12:03:39,853 - BasePage - INFO - 窗口最大化
2021-08-31 12:03:46,885 - BasePage - INFO - 打开测试系统地址
2021-08-31 12:03:54,445 - BasePage - INFO - 打开谷歌浏览器
2021-08-31 12:03:54,564 - BasePage - INFO - 窗口最大化
2021-08-31 12:04:04,030 - BasePage - INFO - 打开测试系统地址
2021-08-31 12:04:06,318 - LoginPage - INFO - 断言类型选择错误
2021-08-31 12:04:06,318 - LoginPage - INFO - 断言类型选择错误
2021-08-31 12:04:10,531 - BasePage - INFO - 打开谷歌浏览器
2021-08-31 12:04:10,661 - BasePage - INFO - 窗口最大化
2021-08-31 12:04:14,959 - BasePage - INFO - 打开测试系统地址
2021-08-31 12:04:22,190 - BasePage - INFO - 打开谷歌浏览器
2021-08-31 12:04:22,320 - BasePage - INFO - 窗口最大化
2021-08-31 12:04:26,586 - BasePage - INFO - 打开测试系统地址
2021-08-31 12:04:33,831 - BasePage - INFO - 打开谷歌浏览器
2021-08-31 12:04:33,952 - BasePage - INFO - 窗口最大化
2021-08-31 12:04:42,139 - BasePage - INFO - 打开测试系统地址
2021-08-31 12:04:49,531 - BasePage - INFO - 打开谷歌浏览器
2021-08-31 12:04:49,661 - BasePage - INFO - 窗口最大化
2021-08-31 12:04:53,522 - BasePage - INFO - 打开测试系统地址
2021-08-31 12:05:00,669 - BasePage - INFO - 打开谷歌浏览器
2021-08-31 12:05:00,787 - BasePage - INFO - 窗口最大化
2021-08-31 12:05:06,009 - BasePage - INFO - 打开测试系统地址
2021-08-31 12:05:07,418 - LoginPage - INFO - 登录成功，页面进入系统首页
2021-08-31 12:05:07,418 - LoginPage - INFO - 登录成功，页面进入系统首页
2021-08-31 12:05:12,655 - TestQuotaConfigPage - INFO - 进入客户配置页面进行测试
2021-08-31 12:14:26,119 - CustomerConfigPage - INFO - 关闭弹窗
2021-08-31 12:14:28,351 - CustomerConfigPage - INFO - 页面跳转到新增客户弹窗页面
2021-08-31 12:14:34,045 - CustomerConfigPage - INFO - 取消新增客户
2021-08-31 12:14:42,647 - TestQuotaConfigPage - INFO - 进入客户配置页面进行测试
2021-08-31 12:14:46,087 - CustomerConfigPage - INFO - 查询客户：国信
2021-08-31 12:14:56,028 - CustomerConfigPage - INFO - 缓存刷新成功
2021-08-31 12:14:59,876 - CustomerConfigPage - INFO - 进行bonc客户的详情操作
2021-08-31 12:15:02,981 - CustomerConfigPage - INFO - 关闭弹窗
2021-08-31 12:15:07,639 - CustomerConfigPage - INFO - 进行bonc客户的修改操作
2021-08-31 12:15:09,767 - CustomerConfigPage - INFO - 关闭弹窗
2021-08-31 12:15:14,144 - CustomerConfigPage - INFO - 进行bonc客户的权限分配操作
2021-08-31 12:15:19,836 - BasePage - INFO - 打开谷歌浏览器
2021-08-31 12:15:19,963 - BasePage - INFO - 窗口最大化
2021-08-31 12:15:24,915 - BasePage - INFO - 打开测试系统地址
2021-08-31 12:15:26,310 - LoginPage - INFO - 登录成功，页面进入系统首页
2021-08-31 12:15:26,310 - LoginPage - INFO - 登录成功，页面进入系统首页
2021-08-31 12:15:31,600 - TestQuotaConfigPage - INFO - 进入指标配置页面进行测试
2021-08-31 12:15:38,050 - QuotaConfigPage - INFO - 查询功能测试，查询客户develop
2021-08-31 12:16:05,847 - QuotaConfigPage - INFO - 缓存刷新成功
2021-08-31 12:16:15,215 - BasePage - INFO - 打开谷歌浏览器
2021-08-31 12:16:15,337 - BasePage - INFO - 窗口最大化
2021-08-31 12:16:19,332 - BasePage - INFO - 打开测试系统地址
2021-08-31 12:16:20,764 - LoginPage - INFO - 登录成功，页面进入系统首页
2021-08-31 12:16:20,764 - LoginPage - INFO - 登录成功，页面进入系统首页
2021-08-31 12:16:26,048 - TestQuotaConfigPage - INFO - 进入数据源配置页面进行测试
2021-08-31 12:16:30,493 - DataSourcesConfigPage - INFO - 取消新增配置
2021-08-31 12:16:37,106 - DataSourcesConfigPage - INFO - 查询客户develop+产品RZ028
2021-08-31 12:16:45,710 - DataSourcesConfigPage - INFO - 清空权重输入框
2021-08-31 12:16:46,847 - DataSourcesConfigPage - INFO - 输入新的权重值
2021-08-31 12:16:52,253 - DataSourcesConfigPage - INFO - 下拉列表选择客户状态
2021-08-31 12:16:53,420 - DataSourcesConfigPage - INFO - 确认编辑
2021-08-31 12:17:01,235 - BasePage - INFO - 打开谷歌浏览器
2021-08-31 12:17:01,346 - BasePage - INFO - 窗口最大化
2021-08-31 12:17:06,109 - BasePage - INFO - 打开测试系统地址
2021-08-31 12:17:07,571 - LoginPage - INFO - 登录成功，页面进入系统首页
2021-08-31 12:17:07,571 - LoginPage - INFO - 登录成功，页面进入系统首页
2021-08-31 12:17:12,768 - TestQuotaConfigPage - INFO - 进入修改审批页面进行测试
2021-08-31 12:17:40,029 - BasePage - INFO - 打开谷歌浏览器
2021-08-31 12:17:40,142 - BasePage - INFO - 窗口最大化
2021-08-31 12:17:44,391 - BasePage - INFO - 打开测试系统地址
2021-08-31 12:17:45,805 - LoginPage - INFO - 登录成功，页面进入系统首页
2021-08-31 12:17:45,805 - LoginPage - INFO - 登录成功，页面进入系统首页
2021-08-31 12:17:52,176 - TestQuotaConfigPage - INFO - 进入角色管理页面进行测试
2021-08-31 12:21:47,621 - TestQuotaConfigPage - INFO - 进入角色管理页面进行测试
2021-08-31 12:21:50,916 - RoleManagementPage - INFO - 未在表格中找到需要操作的元素
2021-08-31 12:21:50,916 - RoleManagementPage - INFO - 未在表格中找到需要操作的元素
2021-08-31 12:21:50,917 - RoleManagementPage - INFO - 新增角色失败，页面中未查找到该角色
2021-08-31 12:21:50,917 - RoleManagementPage - INFO - 新增角色失败，页面中未查找到该角色
2021-08-31 12:21:56,349 - RoleManagementPage - INFO - 选中测试009列进行操作
2021-08-31 12:21:56,349 - RoleManagementPage - INFO - 选中测试009列进行操作
2021-08-31 12:21:58,510 - RoleManagementPage - INFO - 角色启用异常
2021-08-31 12:21:58,510 - RoleManagementPage - INFO - 角色启用异常
2021-08-31 12:22:04,019 - RoleManagementPage - INFO - 选中测试009列进行操作
2021-08-31 12:22:04,019 - RoleManagementPage - INFO - 选中测试009列进行操作
2021-08-31 12:22:06,224 - RoleManagementPage - INFO - 角色已正常停用
2021-08-31 12:22:06,224 - RoleManagementPage - INFO - 角色已正常停用
2021-08-31 12:22:34,258 - BasePage - INFO - 打开谷歌浏览器
2021-08-31 12:22:34,371 - BasePage - INFO - 窗口最大化
2021-08-31 12:22:38,193 - BasePage - INFO - 打开测试系统地址
2021-08-31 12:22:39,574 - LoginPage - INFO - 登录成功，页面进入系统首页
2021-08-31 12:22:39,574 - LoginPage - INFO - 登录成功，页面进入系统首页
2021-08-31 12:22:46,016 - TestQuotaConfigPage - INFO - 进入用户管理页面进行测试
2021-08-31 12:30:10,576 - RoleManagementPage - INFO - 已查询到用户信息
2021-08-31 12:30:10,576 - RoleManagementPage - INFO - 已查询到用户信息
2021-08-31 12:30:29,307 - BasePage - INFO - 打开谷歌浏览器
2021-08-31 12:30:29,419 - BasePage - INFO - 窗口最大化
2021-08-31 12:30:35,344 - BasePage - INFO - 打开测试系统地址
2021-08-31 12:30:36,713 - LoginPage - INFO - 登录成功，页面进入系统首页
2021-08-31 12:30:36,713 - LoginPage - INFO - 登录成功，页面进入系统首页
2021-08-31 12:30:43,155 - TestQuotaConfigPage - INFO - 进入数据权限页面进行测试
2021-08-31 12:30:54,380 - DataAuthorityPage - INFO - 选中bonc列进行操作
2021-08-31 12:30:54,380 - DataAuthorityPage - INFO - 成功查询到用户
2021-08-31 12:30:58,635 - BasePage - INFO - 打开谷歌浏览器
2021-08-31 12:30:58,760 - BasePage - INFO - 窗口最大化
2021-08-31 12:31:03,501 - BasePage - INFO - 打开测试系统地址
2021-08-31 12:31:04,961 - LoginPage - INFO - 登录成功，页面进入系统首页
2021-08-31 12:31:04,961 - LoginPage - INFO - 登录成功，页面进入系统首页
2021-08-31 12:31:12,558 - TestQuotaConfigPage - INFO - 进入历史调用页面进行测试
2021-08-31 12:32:30,890 - BasePage - INFO - 打开谷歌浏览器
2021-08-31 12:32:31,023 - BasePage - INFO - 窗口最大化
2021-08-31 12:32:36,103 - BasePage - INFO - 打开测试系统地址
2021-08-31 12:32:37,514 - LoginPage - INFO - 登录成功，页面进入系统首页
2021-08-31 12:32:37,514 - LoginPage - INFO - 登录成功，页面进入系统首页
2021-08-31 12:32:45,197 - TestQuotaConfigPage - INFO - 进入实时调用页面进行测试
2021-08-31 12:33:36,274 - BasePage - INFO - 打开谷歌浏览器
2021-08-31 12:33:36,385 - BasePage - INFO - 窗口最大化
2021-08-31 12:33:39,873 - BasePage - INFO - 打开测试系统地址
2021-08-31 12:33:41,240 - LoginPage - INFO - 登录成功，页面进入系统首页
2021-08-31 12:33:41,240 - LoginPage - INFO - 登录成功，页面进入系统首页
2021-08-31 12:33:48,806 - TestQuotaConfigPage - INFO - 进入系统监控页面进行测试
2021-08-31 12:34:46,922 - BasePage - INFO - 打开谷歌浏览器
2021-08-31 12:34:47,038 - BasePage - INFO - 窗口最大化
2021-08-31 12:34:51,399 - BasePage - INFO - 打开测试系统地址
2021-08-31 12:34:52,842 - LoginPage - INFO - 登录成功，页面进入系统首页
2021-08-31 12:34:52,842 - LoginPage - INFO - 登录成功，页面进入系统首页
2021-08-31 12:35:00,405 - TestQuotaConfigPage - INFO - 进入实时监控页面进行测试
2021-08-31 12:38:32,791 - BasePage - INFO - 打开谷歌浏览器
2021-08-31 12:38:32,901 - BasePage - INFO - 窗口最大化
2021-08-31 12:38:36,687 - BasePage - INFO - 打开测试系统地址
2021-08-31 12:38:38,128 - LoginPage - INFO - 登录成功，页面进入系统首页
2021-08-31 12:38:38,128 - LoginPage - INFO - 登录成功，页面进入系统首页
2021-08-31 12:38:45,770 - TestQuotaConfigPage - INFO - 进入监控配置页面进行测试
2021-08-31 12:48:46,665 - BasePage - INFO - 打开谷歌浏览器
2021-08-31 12:48:46,775 - BasePage - INFO - 窗口最大化
2021-08-31 12:48:51,733 - BasePage - INFO - 打开测试系统地址
2021-08-31 12:48:53,152 - LoginPage - INFO - 登录成功，页面进入系统首页
2021-08-31 12:48:53,152 - LoginPage - INFO - 登录成功，页面进入系统首页
2021-08-31 12:49:00,684 - TestQuotaConfigPage - INFO - 进入调用详情页面进行测试
2021-08-31 12:49:24,819 - BasePage - INFO - 打开谷歌浏览器
2021-08-31 12:49:24,945 - BasePage - INFO - 窗口最大化
2021-08-31 12:49:29,728 - BasePage - INFO - 打开测试系统地址
2021-08-31 12:49:31,124 - LoginPage - INFO - 登录成功，页面进入系统首页
2021-08-31 12:49:31,124 - LoginPage - INFO - 登录成功，页面进入系统首页
2021-08-31 12:49:39,845 - TestQuotaConfigPage - INFO - 进入数据源成本页面进行测试
2021-08-31 12:52:04,046 - BasePage - INFO - 打开谷歌浏览器
2021-08-31 12:52:04,172 - BasePage - INFO - 窗口最大化
2021-08-31 12:52:07,872 - BasePage - INFO - 打开测试系统地址
2021-08-31 12:52:09,210 - LoginPage - INFO - 登录成功，页面进入系统首页
2021-08-31 12:52:09,210 - LoginPage - INFO - 登录成功，页面进入系统首页
2021-08-31 12:52:18,037 - TestQuotaConfigPage - INFO - 进入销售价格页面进行测试
2021-08-31 12:52:46,809 - BasePage - INFO - 打开谷歌浏览器
2021-08-31 12:52:46,938 - BasePage - INFO - 窗口最大化
2021-08-31 12:52:51,448 - BasePage - INFO - 打开测试系统地址
2021-08-31 12:52:52,962 - LoginPage - INFO - 登录成功，页面进入系统首页
2021-08-31 12:52:52,962 - LoginPage - INFO - 登录成功，页面进入系统首页
2021-08-31 12:53:01,821 - TestQuotaConfigPage - INFO - 进入客户充值页面进行测试
2021-08-31 12:53:23,247 - BasePage - INFO - 打开谷歌浏览器
2021-08-31 12:53:23,371 - BasePage - INFO - 窗口最大化
2021-08-31 12:53:27,202 - BasePage - INFO - 打开测试系统地址
2021-08-31 12:53:28,650 - LoginPage - INFO - 登录成功，页面进入系统首页
2021-08-31 12:53:28,650 - LoginPage - INFO - 登录成功，页面进入系统首页
2021-08-31 12:53:37,542 - TestQuotaConfigPage - INFO - 进入账单管理页面进行测试
2021-08-31 12:53:58,113 - BasePage - INFO - 打开谷歌浏览器
2021-08-31 12:53:58,237 - BasePage - INFO - 窗口最大化
2021-08-31 12:54:02,778 - BasePage - INFO - 打开测试系统地址
2021-08-31 12:54:04,186 - LoginPage - INFO - 登录成功，页面进入系统首页
2021-08-31 12:54:04,186 - LoginPage - INFO - 登录成功，页面进入系统首页
2021-08-31 12:54:13,093 - TestQuotaConfigPage - INFO - 进入减免操作页面进行测试
2021-08-31 12:54:35,401 - BasePage - INFO - 打开谷歌浏览器
2021-08-31 12:54:35,532 - BasePage - INFO - 窗口最大化
2021-08-31 12:54:40,358 - BasePage - INFO - 打开测试系统地址
2021-08-31 12:54:41,722 - LoginPage - INFO - 登录成功，页面进入系统首页
2021-08-31 12:54:41,722 - LoginPage - INFO - 登录成功，页面进入系统首页
2021-08-31 12:54:50,593 - TestQuotaConfigPage - INFO - 进入财务统计页面进行测试
2021-08-31 12:55:48,500 - TestQuotaConfigPage - INFO - 进入财务统计页面进行测试
2021-08-31 12:56:12,118 - TestQuotaConfigPage - INFO - 进入财务统计页面进行测试
2021-08-31 12:56:36,647 - BasePage - INFO - 打开谷歌浏览器
2021-08-31 12:56:36,763 - BasePage - INFO - 窗口最大化
2021-08-31 12:56:41,227 - BasePage - INFO - 打开测试系统地址
2021-08-31 12:56:42,675 - LoginPage - INFO - 登录成功，页面进入系统首页
2021-08-31 12:56:42,675 - LoginPage - INFO - 登录成功，页面进入系统首页
2021-08-31 12:56:51,516 - TestQuotaConfigPage - INFO - 进入客户侧对账页面进行测试
2021-08-31 12:56:56,959 - BasePage - INFO - 打开谷歌浏览器
2021-08-31 12:56:57,076 - BasePage - INFO - 窗口最大化
2021-08-31 12:57:00,557 - BasePage - INFO - 打开测试系统地址
2021-08-31 12:57:01,893 - LoginPage - INFO - 登录成功，页面进入系统首页
2021-08-31 12:57:01,893 - LoginPage - INFO - 登录成功，页面进入系统首页
2021-08-31 12:57:12,003 - TestQuotaConfigPage - INFO - 进入样本复核页面进行测试
