2021-08-31 17:22:15,999 - BasePage - INFO - 打开谷歌浏览器
2021-08-31 17:22:16,111 - BasePage - INFO - 窗口最大化
2021-08-31 17:22:20,501 - BasePage - INFO - 打开测试系统地址
2021-08-31 17:22:27,517 - BasePage - INFO - 打开谷歌浏览器
2021-08-31 17:22:27,644 - BasePage - INFO - 窗口最大化
2021-08-31 17:22:31,157 - BasePage - INFO - 打开测试系统地址
2021-08-31 17:22:38,601 - BasePage - INFO - 打开谷歌浏览器
2021-08-31 17:22:38,711 - BasePage - INFO - 窗口最大化
2021-08-31 17:22:43,019 - BasePage - INFO - 打开测试系统地址
2021-08-31 17:22:50,191 - BasePage - INFO - 打开谷歌浏览器
2021-08-31 17:22:50,304 - BasePage - INFO - 窗口最大化
2021-08-31 17:22:54,786 - BasePage - INFO - 打开测试系统地址
2021-08-31 17:23:02,466 - BasePage - INFO - 打开谷歌浏览器
2021-08-31 17:23:02,574 - BasePage - INFO - 窗口最大化
2021-08-31 17:23:06,382 - BasePage - INFO - 打开测试系统地址
2021-08-31 17:23:13,518 - BasePage - INFO - 打开谷歌浏览器
2021-08-31 17:23:13,647 - BasePage - INFO - 窗口最大化
2021-08-31 17:23:17,681 - BasePage - INFO - 打开测试系统地址
2021-08-31 17:23:24,853 - BasePage - INFO - 打开谷歌浏览器
2021-08-31 17:23:24,967 - BasePage - INFO - 窗口最大化
2021-08-31 17:23:28,814 - BasePage - INFO - 打开测试系统地址
2021-08-31 17:23:36,140 - BasePage - INFO - 打开谷歌浏览器
2021-08-31 17:23:36,252 - BasePage - INFO - 窗口最大化
2021-08-31 17:23:40,654 - BasePage - INFO - 打开测试系统地址
2021-08-31 17:23:48,562 - BasePage - INFO - 打开谷歌浏览器
2021-08-31 17:23:48,680 - BasePage - INFO - 窗口最大化
2021-08-31 17:23:52,813 - BasePage - INFO - 打开测试系统地址
2021-08-31 17:24:00,285 - BasePage - INFO - 打开谷歌浏览器
2021-08-31 17:24:00,397 - BasePage - INFO - 窗口最大化
2021-08-31 17:24:04,521 - BasePage - INFO - 打开测试系统地址
2021-08-31 17:24:11,423 - BasePage - INFO - 打开谷歌浏览器
2021-08-31 17:24:11,541 - BasePage - INFO - 窗口最大化
2021-08-31 17:24:15,733 - BasePage - INFO - 打开测试系统地址
2021-08-31 17:24:22,640 - BasePage - INFO - 打开谷歌浏览器
2021-08-31 17:24:22,768 - BasePage - INFO - 窗口最大化
2021-08-31 17:24:26,749 - BasePage - INFO - 打开测试系统地址
2021-08-31 17:24:29,079 - LoginPage - INFO - 断言类型选择错误
2021-08-31 17:24:29,079 - LoginPage - INFO - 断言类型选择错误
2021-08-31 17:24:33,155 - BasePage - INFO - 打开谷歌浏览器
2021-08-31 17:24:33,267 - BasePage - INFO - 窗口最大化
2021-08-31 17:24:38,263 - BasePage - INFO - 打开测试系统地址
2021-08-31 17:24:45,445 - BasePage - INFO - 打开谷歌浏览器
2021-08-31 17:24:45,569 - BasePage - INFO - 窗口最大化
2021-08-31 17:24:59,354 - BasePage - INFO - 打开测试系统地址
2021-08-31 17:25:06,571 - BasePage - INFO - 打开谷歌浏览器
2021-08-31 17:25:06,690 - BasePage - INFO - 窗口最大化
2021-08-31 17:25:10,563 - BasePage - INFO - 打开测试系统地址
2021-08-31 17:25:17,434 - BasePage - INFO - 打开谷歌浏览器
2021-08-31 17:25:17,549 - BasePage - INFO - 窗口最大化
2021-08-31 17:25:22,362 - BasePage - INFO - 打开测试系统地址
2021-08-31 17:25:29,490 - BasePage - INFO - 打开谷歌浏览器
2021-08-31 17:25:29,603 - BasePage - INFO - 窗口最大化
2021-08-31 17:25:34,212 - BasePage - INFO - 打开测试系统地址
2021-08-31 17:25:35,711 - LoginPage - INFO - 登录成功，页面进入系统首页
2021-08-31 17:25:35,711 - LoginPage - INFO - 登录成功，页面进入系统首页
2021-08-31 17:25:41,089 - TestQuotaConfigPage - INFO - 进入客户配置页面进行测试
2021-08-31 17:34:54,394 - CustomerConfigPage - INFO - 关闭弹窗
2021-08-31 17:34:56,665 - CustomerConfigPage - INFO - 页面跳转到新增客户弹窗页面
2021-08-31 17:35:02,444 - CustomerConfigPage - INFO - 取消新增客户
2021-08-31 17:35:10,984 - TestQuotaConfigPage - INFO - 进入客户配置页面进行测试
2021-08-31 17:35:14,536 - CustomerConfigPage - INFO - 查询客户：国信
2021-08-31 17:35:24,253 - CustomerConfigPage - INFO - 缓存刷新失败
2021-08-31 17:35:28,003 - CustomerConfigPage - INFO - 进行bonc客户的详情操作
2021-08-31 17:35:31,051 - CustomerConfigPage - INFO - 关闭弹窗
2021-08-31 17:35:35,686 - CustomerConfigPage - INFO - 进行bonc客户的修改操作
2021-08-31 17:35:37,821 - CustomerConfigPage - INFO - 关闭弹窗
2021-08-31 17:35:42,225 - CustomerConfigPage - INFO - 进行bonc客户的权限分配操作
2021-08-31 17:35:47,882 - BasePage - INFO - 打开谷歌浏览器
2021-08-31 17:35:48,012 - BasePage - INFO - 窗口最大化
2021-08-31 17:35:52,790 - BasePage - INFO - 打开测试系统地址
2021-08-31 17:35:54,185 - LoginPage - INFO - 登录成功，页面进入系统首页
2021-08-31 17:35:54,185 - LoginPage - INFO - 登录成功，页面进入系统首页
2021-08-31 17:35:59,445 - TestQuotaConfigPage - INFO - 进入指标配置页面进行测试
2021-08-31 17:36:05,850 - QuotaConfigPage - INFO - 查询功能测试，查询客户develop
2021-08-31 17:36:33,614 - QuotaConfigPage - INFO - 缓存刷新成功
2021-08-31 17:36:43,481 - BasePage - INFO - 打开谷歌浏览器
2021-08-31 17:36:43,608 - BasePage - INFO - 窗口最大化
2021-08-31 17:36:47,223 - BasePage - INFO - 打开测试系统地址
2021-08-31 17:36:48,694 - LoginPage - INFO - 登录成功，页面进入系统首页
2021-08-31 17:36:48,694 - LoginPage - INFO - 登录成功，页面进入系统首页
2021-08-31 17:36:53,987 - TestQuotaConfigPage - INFO - 进入数据源配置页面进行测试
2021-08-31 17:36:58,336 - DataSourcesConfigPage - INFO - 取消新增配置
2021-08-31 17:37:04,840 - DataSourcesConfigPage - INFO - 查询客户develop+产品RZ028
2021-08-31 17:37:13,526 - DataSourcesConfigPage - INFO - 清空权重输入框
2021-08-31 17:37:14,649 - DataSourcesConfigPage - INFO - 输入新的权重值
2021-08-31 17:37:19,968 - DataSourcesConfigPage - INFO - 下拉列表选择客户状态
2021-08-31 17:37:21,069 - DataSourcesConfigPage - INFO - 确认编辑
2021-08-31 17:37:28,932 - BasePage - INFO - 打开谷歌浏览器
2021-08-31 17:37:29,043 - BasePage - INFO - 窗口最大化
2021-08-31 17:37:33,662 - BasePage - INFO - 打开测试系统地址
2021-08-31 17:37:35,017 - LoginPage - INFO - 登录成功，页面进入系统首页
2021-08-31 17:37:35,017 - LoginPage - INFO - 登录成功，页面进入系统首页
2021-08-31 17:37:40,208 - TestQuotaConfigPage - INFO - 进入修改审批页面进行测试
2021-08-31 17:38:07,668 - BasePage - INFO - 打开谷歌浏览器
2021-08-31 17:38:07,777 - BasePage - INFO - 窗口最大化
2021-08-31 17:38:12,731 - BasePage - INFO - 打开测试系统地址
2021-08-31 17:38:14,205 - LoginPage - INFO - 登录成功，页面进入系统首页
2021-08-31 17:38:14,205 - LoginPage - INFO - 登录成功，页面进入系统首页
2021-08-31 17:38:20,637 - TestQuotaConfigPage - INFO - 进入角色管理页面进行测试
2021-08-31 17:42:12,117 - TestQuotaConfigPage - INFO - 进入角色管理页面进行测试
2021-08-31 17:42:15,364 - RoleManagementPage - INFO - 未在表格中找到需要操作的元素
2021-08-31 17:42:15,364 - RoleManagementPage - INFO - 未在表格中找到需要操作的元素
2021-08-31 17:42:15,364 - RoleManagementPage - INFO - 新增角色失败，页面中未查找到该角色
2021-08-31 17:42:15,364 - RoleManagementPage - INFO - 新增角色失败，页面中未查找到该角色
2021-08-31 17:42:20,896 - RoleManagementPage - INFO - 选中测试009列进行操作
2021-08-31 17:42:20,896 - RoleManagementPage - INFO - 选中测试009列进行操作
2021-08-31 17:42:23,088 - RoleManagementPage - INFO - 角色启用异常
2021-08-31 17:42:23,088 - RoleManagementPage - INFO - 角色启用异常
2021-08-31 17:42:28,443 - RoleManagementPage - INFO - 选中测试009列进行操作
2021-08-31 17:42:28,443 - RoleManagementPage - INFO - 选中测试009列进行操作
2021-08-31 17:42:30,683 - RoleManagementPage - INFO - 角色已正常停用
2021-08-31 17:42:30,683 - RoleManagementPage - INFO - 角色已正常停用
2021-08-31 17:42:58,689 - BasePage - INFO - 打开谷歌浏览器
2021-08-31 17:42:58,820 - BasePage - INFO - 窗口最大化
2021-08-31 17:43:05,067 - BasePage - INFO - 打开测试系统地址
2021-08-31 17:43:06,526 - LoginPage - INFO - 登录成功，页面进入系统首页
2021-08-31 17:43:06,526 - LoginPage - INFO - 登录成功，页面进入系统首页
2021-08-31 17:43:12,909 - TestQuotaConfigPage - INFO - 进入用户管理页面进行测试
2021-08-31 17:50:36,059 - RoleManagementPage - INFO - 已查询到用户信息
2021-08-31 17:50:36,059 - RoleManagementPage - INFO - 已查询到用户信息
2021-08-31 17:50:54,725 - BasePage - INFO - 打开谷歌浏览器
2021-08-31 17:50:54,855 - BasePage - INFO - 窗口最大化
2021-08-31 17:50:59,259 - BasePage - INFO - 打开测试系统地址
2021-08-31 17:51:00,619 - LoginPage - INFO - 登录成功，页面进入系统首页
2021-08-31 17:51:00,619 - LoginPage - INFO - 登录成功，页面进入系统首页
2021-08-31 17:51:07,058 - TestQuotaConfigPage - INFO - 进入数据权限页面进行测试
2021-08-31 17:51:18,200 - DataAuthorityPage - INFO - 选中bonc列进行操作
2021-08-31 17:51:18,200 - DataAuthorityPage - INFO - 成功查询到用户
2021-08-31 17:51:22,620 - BasePage - INFO - 打开谷歌浏览器
2021-08-31 17:51:22,741 - BasePage - INFO - 窗口最大化
2021-08-31 17:51:27,409 - BasePage - INFO - 打开测试系统地址
2021-08-31 17:51:28,788 - LoginPage - INFO - 登录成功，页面进入系统首页
2021-08-31 17:51:28,788 - LoginPage - INFO - 登录成功，页面进入系统首页
2021-08-31 17:51:36,354 - TestQuotaConfigPage - INFO - 进入历史调用页面进行测试
2021-08-31 17:52:54,223 - BasePage - INFO - 打开谷歌浏览器
2021-08-31 17:52:54,335 - BasePage - INFO - 窗口最大化
2021-08-31 17:52:58,997 - BasePage - INFO - 打开测试系统地址
2021-08-31 17:53:00,443 - LoginPage - INFO - 登录成功，页面进入系统首页
2021-08-31 17:53:00,443 - LoginPage - INFO - 登录成功，页面进入系统首页
2021-08-31 17:53:08,083 - TestQuotaConfigPage - INFO - 进入实时调用页面进行测试
2021-08-31 17:53:59,614 - BasePage - INFO - 打开谷歌浏览器
2021-08-31 17:53:59,724 - BasePage - INFO - 窗口最大化
2021-08-31 17:54:03,718 - BasePage - INFO - 打开测试系统地址
2021-08-31 17:54:05,146 - LoginPage - INFO - 登录成功，页面进入系统首页
2021-08-31 17:54:05,146 - LoginPage - INFO - 登录成功，页面进入系统首页
2021-08-31 17:54:12,625 - TestQuotaConfigPage - INFO - 进入系统监控页面进行测试
2021-08-31 17:55:10,956 - BasePage - INFO - 打开谷歌浏览器
2021-08-31 17:55:11,079 - BasePage - INFO - 窗口最大化
2021-08-31 17:55:14,570 - BasePage - INFO - 打开测试系统地址
2021-08-31 17:55:15,984 - LoginPage - INFO - 登录成功，页面进入系统首页
2021-08-31 17:55:15,984 - LoginPage - INFO - 登录成功，页面进入系统首页
2021-08-31 17:55:23,653 - TestQuotaConfigPage - INFO - 进入实时监控页面进行测试
2021-08-31 17:58:54,542 - BasePage - INFO - 打开谷歌浏览器
2021-08-31 17:58:54,662 - BasePage - INFO - 窗口最大化
2021-08-31 17:58:58,629 - BasePage - INFO - 打开测试系统地址
2021-08-31 17:59:00,028 - LoginPage - INFO - 登录成功，页面进入系统首页
2021-08-31 17:59:00,028 - LoginPage - INFO - 登录成功，页面进入系统首页
2021-08-31 17:59:07,618 - TestQuotaConfigPage - INFO - 进入监控配置页面进行测试
2021-08-31 18:08:23,648 - BasePage - INFO - 打开谷歌浏览器
2021-08-31 18:08:23,757 - BasePage - INFO - 窗口最大化
2021-08-31 18:08:28,281 - BasePage - INFO - 打开测试系统地址
2021-08-31 18:08:29,710 - LoginPage - INFO - 登录成功，页面进入系统首页
2021-08-31 18:08:29,710 - LoginPage - INFO - 登录成功，页面进入系统首页
2021-08-31 18:08:37,240 - TestQuotaConfigPage - INFO - 进入调用详情页面进行测试
2021-08-31 18:09:01,743 - BasePage - INFO - 打开谷歌浏览器
2021-08-31 18:09:01,856 - BasePage - INFO - 窗口最大化
2021-08-31 18:09:06,918 - BasePage - INFO - 打开测试系统地址
2021-08-31 18:09:08,338 - LoginPage - INFO - 登录成功，页面进入系统首页
2021-08-31 18:09:08,338 - LoginPage - INFO - 登录成功，页面进入系统首页
2021-08-31 18:09:17,126 - TestQuotaConfigPage - INFO - 进入数据源成本页面进行测试
2021-08-31 18:11:41,776 - BasePage - INFO - 打开谷歌浏览器
2021-08-31 18:11:41,900 - BasePage - INFO - 窗口最大化
2021-08-31 18:11:47,312 - BasePage - INFO - 打开测试系统地址
2021-08-31 18:11:48,702 - LoginPage - INFO - 登录成功，页面进入系统首页
2021-08-31 18:11:48,702 - LoginPage - INFO - 登录成功，页面进入系统首页
2021-08-31 18:11:57,486 - TestQuotaConfigPage - INFO - 进入销售价格页面进行测试
2021-08-31 18:12:27,085 - BasePage - INFO - 打开谷歌浏览器
2021-08-31 18:12:27,197 - BasePage - INFO - 窗口最大化
2021-08-31 18:12:30,915 - BasePage - INFO - 打开测试系统地址
2021-08-31 18:12:32,296 - LoginPage - INFO - 登录成功，页面进入系统首页
2021-08-31 18:12:32,296 - LoginPage - INFO - 登录成功，页面进入系统首页
2021-08-31 18:12:41,060 - TestQuotaConfigPage - INFO - 进入客户充值页面进行测试
2021-08-31 18:13:02,146 - BasePage - INFO - 打开谷歌浏览器
2021-08-31 18:13:02,254 - BasePage - INFO - 窗口最大化
2021-08-31 18:13:06,847 - BasePage - INFO - 打开测试系统地址
2021-08-31 18:13:08,415 - LoginPage - INFO - 登录成功，页面进入系统首页
2021-08-31 18:13:08,415 - LoginPage - INFO - 登录成功，页面进入系统首页
2021-08-31 18:13:17,270 - TestQuotaConfigPage - INFO - 进入账单管理页面进行测试
2021-08-31 18:13:37,327 - BasePage - INFO - 打开谷歌浏览器
2021-08-31 18:13:37,436 - BasePage - INFO - 窗口最大化
2021-08-31 18:13:41,960 - BasePage - INFO - 打开测试系统地址
2021-08-31 18:13:43,460 - LoginPage - INFO - 登录成功，页面进入系统首页
2021-08-31 18:13:43,460 - LoginPage - INFO - 登录成功，页面进入系统首页
2021-08-31 18:13:52,409 - TestQuotaConfigPage - INFO - 进入减免操作页面进行测试
2021-08-31 18:14:15,010 - BasePage - INFO - 打开谷歌浏览器
2021-08-31 18:14:15,128 - BasePage - INFO - 窗口最大化
2021-08-31 18:14:19,181 - BasePage - INFO - 打开测试系统地址
2021-08-31 18:14:20,604 - LoginPage - INFO - 登录成功，页面进入系统首页
2021-08-31 18:14:20,604 - LoginPage - INFO - 登录成功，页面进入系统首页
2021-08-31 18:14:29,389 - TestQuotaConfigPage - INFO - 进入财务统计页面进行测试
2021-08-31 18:15:27,069 - TestQuotaConfigPage - INFO - 进入财务统计页面进行测试
2021-08-31 18:15:50,633 - TestQuotaConfigPage - INFO - 进入财务统计页面进行测试
2021-08-31 18:16:25,178 - BasePage - INFO - 打开谷歌浏览器
2021-08-31 18:16:25,298 - BasePage - INFO - 窗口最大化
2021-08-31 18:16:33,162 - BasePage - INFO - 打开测试系统地址
2021-08-31 18:16:34,526 - LoginPage - INFO - 登录成功，页面进入系统首页
2021-08-31 18:16:34,526 - LoginPage - INFO - 登录成功，页面进入系统首页
2021-08-31 18:16:43,307 - TestQuotaConfigPage - INFO - 进入客户侧对账页面进行测试
2021-08-31 18:16:48,782 - BasePage - INFO - 打开谷歌浏览器
2021-08-31 18:16:48,906 - BasePage - INFO - 窗口最大化
2021-08-31 18:16:54,573 - BasePage - INFO - 打开测试系统地址
2021-08-31 18:16:56,000 - LoginPage - INFO - 登录成功，页面进入系统首页
2021-08-31 18:16:56,000 - LoginPage - INFO - 登录成功，页面进入系统首页
2021-08-31 18:17:05,939 - TestQuotaConfigPage - INFO - 进入样本复核页面进行测试
