2021-08-31 15:12:24,196 - BasePage - INFO - 打开谷歌浏览器
2021-08-31 15:12:24,324 - BasePage - INFO - 窗口最大化
2021-08-31 15:12:28,822 - BasePage - INFO - 打开测试系统地址
2021-08-31 15:12:37,006 - BasePage - INFO - 打开谷歌浏览器
2021-08-31 15:12:37,115 - BasePage - INFO - 窗口最大化
2021-08-31 15:12:41,203 - BasePage - INFO - 打开测试系统地址
2021-08-31 15:12:48,469 - BasePage - INFO - 打开谷歌浏览器
2021-08-31 15:12:48,589 - BasePage - INFO - 窗口最大化
2021-08-31 15:12:52,740 - BasePage - INFO - 打开测试系统地址
2021-08-31 15:12:59,645 - BasePage - INFO - 打开谷歌浏览器
2021-08-31 15:12:59,756 - BasePage - INFO - 窗口最大化
2021-08-31 15:13:04,974 - BasePage - INFO - 打开测试系统地址
2021-08-31 15:13:12,202 - BasePage - INFO - 打开谷歌浏览器
2021-08-31 15:13:12,311 - BasePage - INFO - 窗口最大化
2021-08-31 15:13:17,061 - BasePage - INFO - 打开测试系统地址
2021-08-31 15:13:24,467 - BasePage - INFO - 打开谷歌浏览器
2021-08-31 15:13:24,586 - BasePage - INFO - 窗口最大化
2021-08-31 15:13:28,925 - BasePage - INFO - 打开测试系统地址
2021-08-31 15:13:36,106 - BasePage - INFO - 打开谷歌浏览器
2021-08-31 15:13:36,218 - BasePage - INFO - 窗口最大化
2021-08-31 15:13:40,519 - BasePage - INFO - 打开测试系统地址
2021-08-31 15:13:47,327 - BasePage - INFO - 打开谷歌浏览器
2021-08-31 15:13:47,438 - BasePage - INFO - 窗口最大化
2021-08-31 15:13:51,854 - BasePage - INFO - 打开测试系统地址
2021-08-31 15:13:58,992 - BasePage - INFO - 打开谷歌浏览器
2021-08-31 15:13:59,106 - BasePage - INFO - 窗口最大化
2021-08-31 15:14:02,976 - BasePage - INFO - 打开测试系统地址
2021-08-31 15:14:10,160 - BasePage - INFO - 打开谷歌浏览器
2021-08-31 15:14:10,276 - BasePage - INFO - 窗口最大化
2021-08-31 15:14:14,504 - BasePage - INFO - 打开测试系统地址
2021-08-31 15:14:21,653 - BasePage - INFO - 打开谷歌浏览器
2021-08-31 15:14:21,764 - BasePage - INFO - 窗口最大化
2021-08-31 15:14:26,676 - BasePage - INFO - 打开测试系统地址
2021-08-31 15:14:33,972 - BasePage - INFO - 打开谷歌浏览器
2021-08-31 15:14:34,088 - BasePage - INFO - 窗口最大化
2021-08-31 15:14:37,929 - BasePage - INFO - 打开测试系统地址
2021-08-31 15:14:40,270 - LoginPage - INFO - 断言类型选择错误
2021-08-31 15:14:40,270 - LoginPage - INFO - 断言类型选择错误
2021-08-31 15:14:44,541 - BasePage - INFO - 打开谷歌浏览器
2021-08-31 15:14:44,667 - BasePage - INFO - 窗口最大化
2021-08-31 15:14:48,694 - BasePage - INFO - 打开测试系统地址
2021-08-31 15:14:56,074 - BasePage - INFO - 打开谷歌浏览器
2021-08-31 15:14:56,189 - BasePage - INFO - 窗口最大化
2021-08-31 15:14:59,890 - BasePage - INFO - 打开测试系统地址
2021-08-31 15:15:07,577 - BasePage - INFO - 打开谷歌浏览器
2021-08-31 15:15:07,709 - BasePage - INFO - 窗口最大化
2021-08-31 15:15:11,467 - BasePage - INFO - 打开测试系统地址
2021-08-31 15:15:18,538 - BasePage - INFO - 打开谷歌浏览器
2021-08-31 15:15:18,648 - BasePage - INFO - 窗口最大化
2021-08-31 15:15:22,992 - BasePage - INFO - 打开测试系统地址
2021-08-31 15:15:30,112 - BasePage - INFO - 打开谷歌浏览器
2021-08-31 15:15:30,226 - BasePage - INFO - 窗口最大化
2021-08-31 15:15:34,847 - BasePage - INFO - 打开测试系统地址
2021-08-31 15:15:36,304 - LoginPage - INFO - 登录成功，页面进入系统首页
2021-08-31 15:15:36,304 - LoginPage - INFO - 登录成功，页面进入系统首页
2021-08-31 15:15:41,521 - TestQuotaConfigPage - INFO - 进入客户配置页面进行测试
2021-08-31 15:24:55,891 - CustomerConfigPage - INFO - 关闭弹窗
2021-08-31 15:24:58,121 - CustomerConfigPage - INFO - 页面跳转到新增客户弹窗页面
2021-08-31 15:25:03,907 - CustomerConfigPage - INFO - 取消新增客户
2021-08-31 15:25:12,495 - TestQuotaConfigPage - INFO - 进入客户配置页面进行测试
2021-08-31 15:25:15,954 - CustomerConfigPage - INFO - 查询客户：国信
2021-08-31 15:25:25,605 - CustomerConfigPage - INFO - 缓存刷新成功
2021-08-31 15:25:29,419 - CustomerConfigPage - INFO - 进行bonc客户的详情操作
2021-08-31 15:25:32,468 - CustomerConfigPage - INFO - 关闭弹窗
2021-08-31 15:25:37,119 - CustomerConfigPage - INFO - 进行bonc客户的修改操作
2021-08-31 15:25:39,265 - CustomerConfigPage - INFO - 关闭弹窗
2021-08-31 15:25:43,687 - CustomerConfigPage - INFO - 进行bonc客户的权限分配操作
2021-08-31 15:25:49,176 - BasePage - INFO - 打开谷歌浏览器
2021-08-31 15:25:49,299 - BasePage - INFO - 窗口最大化
2021-08-31 15:25:53,477 - BasePage - INFO - 打开测试系统地址
2021-08-31 15:25:54,914 - LoginPage - INFO - 登录成功，页面进入系统首页
2021-08-31 15:25:54,914 - LoginPage - INFO - 登录成功，页面进入系统首页
2021-08-31 15:26:00,253 - TestQuotaConfigPage - INFO - 进入指标配置页面进行测试
2021-08-31 15:26:06,751 - QuotaConfigPage - INFO - 查询功能测试，查询客户develop
